<?xml version="1.0" encoding="UTF-8"?>
<!-- Generated by org.testng.reporters.JUnitReportReporter -->
<testsuite hostname="abc-PC" name="tests.QueryEmailTriggerTest" tests="2" failures="0" timestamp="21 Nov 2017 11:25:42 GMT" time="104.437" errors="0">
  <testcase name="sendQuery" time="19.626" classname="tests.QueryEmailTriggerTest"/>
  <testcase name="loginWithValidCredentials" time="84.811" classname="tests.QueryEmailTriggerTest"/>
</testsuite> <!-- tests.QueryEmailTriggerTest -->
