<?xml version="1.0" encoding="UTF-8"?>
<!-- Generated by org.testng.reporters.JUnitReportReporter -->
<testsuite hostname="abc-PC" name="tests.UploadAssetsProofingTest" tests="1" failures="0" timestamp="21 Nov 2017 11:25:42 GMT" time="140.049" errors="0">
  <testcase name="uploadingAssetsByProofingWindow" time="140.049" classname="tests.UploadAssetsProofingTest"/>
</testsuite> <!-- tests.UploadAssetsProofingTest -->
