<?xml version="1.0" encoding="UTF-8"?>
<!-- Generated by org.testng.reporters.JUnitReportReporter -->
<testsuite hostname="abc-PC" name="tests.ChangePasswordTest" tests="4" failures="0" timestamp="21 Nov 2017 11:25:42 GMT" time="50.695" errors="0">
  <testcase name="loginWithValidCredentials" time="30.041" classname="tests.ChangePasswordTest"/>
  <testcase name="changePassword" time="8.209" classname="tests.ChangePasswordTest"/>
  <testcase name="verifyValidationMsg" time="3.194" classname="tests.ChangePasswordTest"/>
  <testcase name="verifyChangePassword" time="9.251" classname="tests.ChangePasswordTest"/>
</testsuite> <!-- tests.ChangePasswordTest -->
