<?xml version="1.0" encoding="UTF-8"?>
<!-- Generated by org.testng.reporters.JUnitReportReporter -->
<testsuite hostname="abc-PC" name="tests.GlobalSearchTest" tests="1" failures="0" timestamp="21 Nov 2017 11:25:42 GMT" time="234.139" errors="0">
  <testcase name="ApproveActionFunctionality" time="234.139" classname="tests.GlobalSearchTest"/>
</testsuite> <!-- tests.GlobalSearchTest -->
