<?xml version="1.0" encoding="UTF-8"?>
<!-- Generated by org.testng.reporters.JUnitReportReporter -->
<testsuite hostname="abc-PC" name="tests.LoginTest" tests="2" failures="0" timestamp="21 Nov 2017 07:29:37 GMT" time="19.076" errors="0">
  <testcase name="loginWithInvalidUserDeatils" time="1.971" classname="tests.LoginTest"/>
  <testcase name="loginWithValidUserDetails" time="17.105" classname="tests.LoginTest"/>
</testsuite> <!-- tests.LoginTest -->
