<?xml version="1.0" encoding="UTF-8"?>
<!-- Generated by org.testng.reporters.JUnitReportReporter -->
<testsuite hostname="abc-PC" name="tests.EditProjectTest" tests="1" failures="0" timestamp="21 Nov 2017 07:29:37 GMT" time="110.036" errors="0">
  <testcase name="editExistingProject" time="110.036" classname="tests.EditProjectTest"/>
</testsuite> <!-- tests.EditProjectTest -->
