<?xml version="1.0" encoding="UTF-8"?>
<!-- Generated by org.testng.reporters.JUnitReportReporter -->
<testsuite hostname="abc-PC" name="tests.UploadingAssetsTest" tests="4" failures="0" timestamp="21 Nov 2017 07:29:37 GMT" time="467.763" errors="0">
  <testcase name="uploadAssetsActivityFeeds" time="173.594" classname="tests.UploadingAssetsTest"/>
  <testcase name="uploadAssetsByActiveFeedLnk" time="101.121" classname="tests.UploadingAssetsTest"/>
  <testcase name="uploadAssetsEditActiveProject" time="106.885" classname="tests.UploadingAssetsTest"/>
  <testcase name="uploadAssetsWhileCreatingProject" time="86.163" classname="tests.UploadingAssetsTest"/>
</testsuite> <!-- tests.UploadingAssetsTest -->
