<?xml version="1.0" encoding="UTF-8"?>
<!-- Generated by org.testng.reporters.JUnitReportReporter -->
<testsuite hostname="abc-PC" name="tests.ApproveActionTest" tests="1" failures="0" timestamp="21 Nov 2017 11:25:42 GMT" time="82.979" errors="0">
  <testcase name="ApproveActionFunctionality" time="82.979" classname="tests.ApproveActionTest"/>
</testsuite> <!-- tests.ApproveActionTest -->
