<?xml version="1.0" encoding="UTF-8"?>
<!-- Generated by org.testng.reporters.JUnitReportReporter -->
<testsuite hostname="abc-PC" name="tests.UploadProfilePicTest" tests="2" failures="0" timestamp="21 Nov 2017 11:25:42 GMT" time="218.689" errors="0">
  <testcase name="loginWithValidCredentials" time="194.217" classname="tests.UploadProfilePicTest"/>
  <testcase name="uploadProfile" time="24.472" classname="tests.UploadProfilePicTest"/>
</testsuite> <!-- tests.UploadProfilePicTest -->
