<?xml version="1.0" encoding="UTF-8"?>
<!-- Generated by org.testng.reporters.JUnitReportReporter -->
<testsuite hostname="abc-PC" name="tests.ProofingFromActivityFeedTest" tests="1" failures="0" timestamp="21 Nov 2017 11:25:42 GMT" time="175.436" errors="0">
  <testcase name="ApproveActionFunctionality" time="175.436" classname="tests.ProofingFromActivityFeedTest"/>
</testsuite> <!-- tests.ProofingFromActivityFeedTest -->
