<?xml version="1.0" encoding="UTF-8"?>
<!-- Generated by org.testng.reporters.JUnitReportReporter -->
<testsuite hostname="abc-PC" name="tests.CreateNewProjectTest" tests="1" failures="0" timestamp="21 Nov 2017 07:29:37 GMT" time="105.910" errors="0">
  <testcase name="CreateNewProject" time="105.910" classname="tests.CreateNewProjectTest"/>
</testsuite> <!-- tests.CreateNewProjectTest -->
