<?xml version="1.0" encoding="UTF-8"?>
<!-- Generated by org.testng.reporters.JUnitReportReporter -->
<testsuite hostname="abc-PC" name="tests.UploadAssetsRespondTest" tests="1" failures="0" timestamp="21 Nov 2017 11:25:42 GMT" time="115.695" errors="0">
  <testcase name="uploadingAssetsByRespondWindow" time="115.695" classname="tests.UploadAssetsRespondTest"/>
</testsuite> <!-- tests.UploadAssetsRespondTest -->
