<?xml version="1.0" encoding="UTF-8"?>
<!-- Generated by org.testng.reporters.JUnitReportReporter -->
<testsuite hostname="fdgfd-PC" name="tests.LoginTest" tests="2" failures="0" timestamp="24 Oct 2017 11:45:15 GMT" time="14.470" errors="0">
  <testcase name="loginWithInvalidUserDeatils" time="1.902" classname="tests.LoginTest"/>
  <testcase name="loginWithValidUserDetails" time="12.568" classname="tests.LoginTest"/>
</testsuite> <!-- tests.LoginTest -->
